e:\visualstudioprojects\methodsinse\pseudographics\pseudographics\debug\vc140.pdb
e:\visualstudioprojects\methodsinse\pseudographics\pseudographics\debug\vc140.idb
e:\visualstudioprojects\methodsinse\pseudographics\pseudographics\debug\main.obj
e:\visualstudioprojects\methodsinse\pseudographics\pseudographics\debug\pgcomponent.obj
e:\visualstudioprojects\methodsinse\pseudographics\pseudographics\debug\pgcomposite.obj
e:\visualstudioprojects\methodsinse\pseudographics\pseudographics\debug\pg_component.obj
e:\visualstudioprojects\methodsinse\pseudographics\pseudographics\debug\pg_composite.obj
e:\visualstudioprojects\methodsinse\pseudographics\pseudographics\debug\keyboard_listener.obj
e:\visualstudioprojects\methodsinse\pseudographics\pseudographics\debug\mouse_listener.obj
e:\visualstudioprojects\methodsinse\pseudographics\pseudographics\debug\pg_button.obj
e:\visualstudioprojects\methodsinse\pseudographics\pseudographics\debug\pg_label.obj
e:\visualstudioprojects\methodsinse\pseudographics\pseudographics\debug\pg_numericbox.obj
e:\visualstudioprojects\methodsinse\pseudographics\pseudographics\debug\pg_panel.obj
e:\visualstudioprojects\methodsinse\pseudographics\pseudographics\debug\pg_textbox.obj
e:\visualstudioprojects\methodsinse\pseudographics\pseudographics\debug\pg_components_factory.obj
e:\visualstudioprojects\methodsinse\pseudographics\pseudographics\debug\pg_list.obj
e:\visualstudioprojects\methodsinse\pseudographics\debug\pseudographics.ilk
e:\visualstudioprojects\methodsinse\pseudographics\debug\pseudographics.exe
e:\visualstudioprojects\methodsinse\pseudographics\debug\pseudographics.pdb
e:\visualstudioprojects\methodsinse\pseudographics\pseudographics\debug\pseudographics.tlog\cl.read.1.tlog.uptodatecheck.tmp
e:\visualstudioprojects\methodsinse\pseudographics\pseudographics\debug\pseudographics.tlog\cl.command.1.tlog
e:\visualstudioprojects\methodsinse\pseudographics\pseudographics\debug\pseudographics.tlog\cl.read.1.tlog
e:\visualstudioprojects\methodsinse\pseudographics\pseudographics\debug\pseudographics.tlog\cl.write.1.tlog
e:\visualstudioprojects\methodsinse\pseudographics\pseudographics\debug\pseudographics.tlog\link.9184-cvtres.read.1.tlog
e:\visualstudioprojects\methodsinse\pseudographics\pseudographics\debug\pseudographics.tlog\link.9184-cvtres.write.1.tlog
e:\visualstudioprojects\methodsinse\pseudographics\pseudographics\debug\pseudographics.tlog\link.9184-rc.read.1.tlog
e:\visualstudioprojects\methodsinse\pseudographics\pseudographics\debug\pseudographics.tlog\link.9184-rc.write.1.tlog
e:\visualstudioprojects\methodsinse\pseudographics\pseudographics\debug\pseudographics.tlog\link.9184.read.1.tlog
e:\visualstudioprojects\methodsinse\pseudographics\pseudographics\debug\pseudographics.tlog\link.9184.write.1.tlog
e:\visualstudioprojects\methodsinse\pseudographics\pseudographics\debug\pseudographics.tlog\link.command.1.tlog
e:\visualstudioprojects\methodsinse\pseudographics\pseudographics\debug\pseudographics.tlog\link.read.1.tlog
e:\visualstudioprojects\methodsinse\pseudographics\pseudographics\debug\pseudographics.tlog\link.write.1.tlog
